INFO:root:Coordinates for 'INDISH - The Art Of Mughlai Food, 39, First Floor, DDA Auto Complex, Zamrudpur, Greater Kailash 1 (GK 1), New Delhi, 110049': [77.23843, 28.54833]
INFO:root:Coordinates for 'PARAM'S SWEETS & SNACKS SHOP, N H NO-169, G/F , FRONT PORTION SHAHPUR JATT , SAHAPUR JAT , HAUZ KHAS, South , Delhi - 110049': [75.455805, 11.833119]
INFO:root:Coordinates for 'Sharma Ji Ke Mashoor Chole Bhature, Outside 211a , masjid modh, leela ram market, MASJID MOTH, HAUZ KHAS, South , Delhi - 110049': [77.163665, 28.557163]
INFO:root:Optimal Route: {'statusCode': 400, 'error': 'Bad Request', 'message': 'Locations are in unconnected regions. Please check waypoint coordinate order (lat/lon).'}
INFO:root:Deliveries in Post Office Andrews Ganj on 2024-10-12:
INFO:root:{'_id': ObjectId('66d1f86ffd44e36c2ebf3b26'), 'Booking ID': 'YKK5UMLM', 'Sender Name': 'Kaira Sengupta', 'Sender Gmail ID': 'kairasengupta214@gmail.com', 'Receiver Name': 'Trisha Deo', 'Receiver Gmail ID': 'trishadeo248@gmail.com', 'Receiver Address': 'INDISH - The Art Of Mughlai Food, 39, First Floor, DDA Auto Complex, Zamrudpur, Greater Kailash 1 (GK 1), New Delhi, 110049', 'Receiver Post Office': 'Andrews Ganj', 'Zipcode': '110049', 'Receiver Phone Number': '3012533847', 'Order Date': '2024-08-28', 'Date of Delivery': '2024-10-12', 'Time Slot of Delivery': '11:08 AM - 11:38 AM', 'Equipment Getting Delivered': 'Letters', 'Delivery Status': 'Not Delivered'}
INFO:root:{'_id': ObjectId('66d1f86ffd44e36c2ebf3b31'), 'Booking ID': 'OJD7OWXN', 'Sender Name': 'Raghav Uppal', 'Sender Gmail ID': 'raghavuppal345@gmail.com', 'Receiver Name': 'Sahil Khurana', 'Receiver Gmail ID': 'sahilkhurana918@gmail.com', 'Receiver Address': "PARAM'S SWEETS & SNACKS SHOP, N H NO-169, G/F , FRONT PORTION SHAHPUR JATT , SAHAPUR JAT , HAUZ KHAS, South , Delhi - 110049", 'Receiver Post Office': 'Andrews Ganj', 'Zipcode': '110049', 'Receiver Phone Number': '5742395136', 'Order Date': '2024-08-28', 'Date of Delivery': '2024-10-12', 'Time Slot of Delivery': '02:08 PM - 02:38 PM', 'Equipment Getting Delivered': 'Clothing', 'Delivery Status': 'Not Delivered'}
INFO:root:{'_id': ObjectId('66d1f86ffd44e36c2ebf3b71'), 'Booking ID': 'GAKHGW9D', 'Sender Name': 'Ivan Sanghvi', 'Sender Gmail ID': 'ivansanghvi660@gmail.com', 'Receiver Name': 'Lakshay Jayaraman', 'Receiver Gmail ID': 'lakshayjayaraman624@gmail.com', 'Receiver Address': 'Sharma Ji Ke Mashoor Chole Bhature, Outside 211a , masjid modh, leela ram market, MASJID MOTH, HAUZ KHAS, South , Delhi - 110049', 'Receiver Post Office': 'Andrews Ganj', 'Zipcode': '110049', 'Receiver Phone Number': '3504632452', 'Order Date': '2024-08-28', 'Date of Delivery': '2024-10-12', 'Time Slot of Delivery': '10:47 AM - 11:17 AM', 'Equipment Getting Delivered': 'Articles', 'Delivery Status': 'Not Delivered'}
INFO:root:Coordinates for 'INDISH - The Art Of Mughlai Food, 39, First Floor, DDA Auto Complex, Zamrudpur, Greater Kailash 1 (GK 1), New Delhi, 110049': [77.23843, 28.54833]
INFO:root:Coordinates for 'PARAM'S SWEETS & SNACKS SHOP, N H NO-169, G/F , FRONT PORTION SHAHPUR JATT , SAHAPUR JAT , HAUZ KHAS, South , Delhi - 110049': [75.455805, 11.833119]
INFO:root:Coordinates for 'Sharma Ji Ke Mashoor Chole Bhature, Outside 211a , masjid modh, leela ram market, MASJID MOTH, HAUZ KHAS, South , Delhi - 110049': [77.163665, 28.557163]
INFO:root:Requesting route for waypoints: 77.23843,28.54833|75.455805,11.833119|77.163665,28.557163
ERROR:root:Routing API error: {'statusCode': 400, 'error': 'Bad Request', 'message': 'Locations are in unconnected regions. Please check waypoint coordinate order (lat/lon).'}
INFO:root:Deliveries in Post Office Andrews Ganj on 2024-10-12:
INFO:root:{'_id': ObjectId('66d1f86ffd44e36c2ebf3b26'), 'Booking ID': 'YKK5UMLM', 'Sender Name': 'Kaira Sengupta', 'Sender Gmail ID': 'kairasengupta214@gmail.com', 'Receiver Name': 'Trisha Deo', 'Receiver Gmail ID': 'trishadeo248@gmail.com', 'Receiver Address': 'INDISH - The Art Of Mughlai Food, 39, First Floor, DDA Auto Complex, Zamrudpur, Greater Kailash 1 (GK 1), New Delhi, 110049', 'Receiver Post Office': 'Andrews Ganj', 'Zipcode': '110049', 'Receiver Phone Number': '3012533847', 'Order Date': '2024-08-28', 'Date of Delivery': '2024-10-12', 'Time Slot of Delivery': '11:08 AM - 11:38 AM', 'Equipment Getting Delivered': 'Letters', 'Delivery Status': 'Not Delivered'}
INFO:root:{'_id': ObjectId('66d1f86ffd44e36c2ebf3b31'), 'Booking ID': 'OJD7OWXN', 'Sender Name': 'Raghav Uppal', 'Sender Gmail ID': 'raghavuppal345@gmail.com', 'Receiver Name': 'Sahil Khurana', 'Receiver Gmail ID': 'sahilkhurana918@gmail.com', 'Receiver Address': "PARAM'S SWEETS & SNACKS SHOP, N H NO-169, G/F , FRONT PORTION SHAHPUR JATT , SAHAPUR JAT , HAUZ KHAS, South , Delhi - 110049", 'Receiver Post Office': 'Andrews Ganj', 'Zipcode': '110049', 'Receiver Phone Number': '5742395136', 'Order Date': '2024-08-28', 'Date of Delivery': '2024-10-12', 'Time Slot of Delivery': '02:08 PM - 02:38 PM', 'Equipment Getting Delivered': 'Clothing', 'Delivery Status': 'Not Delivered'}
INFO:root:{'_id': ObjectId('66d1f86ffd44e36c2ebf3b71'), 'Booking ID': 'GAKHGW9D', 'Sender Name': 'Ivan Sanghvi', 'Sender Gmail ID': 'ivansanghvi660@gmail.com', 'Receiver Name': 'Lakshay Jayaraman', 'Receiver Gmail ID': 'lakshayjayaraman624@gmail.com', 'Receiver Address': 'Sharma Ji Ke Mashoor Chole Bhature, Outside 211a , masjid modh, leela ram market, MASJID MOTH, HAUZ KHAS, South , Delhi - 110049', 'Receiver Post Office': 'Andrews Ganj', 'Zipcode': '110049', 'Receiver Phone Number': '3504632452', 'Order Date': '2024-08-28', 'Date of Delivery': '2024-10-12', 'Time Slot of Delivery': '10:47 AM - 11:17 AM', 'Equipment Getting Delivered': 'Articles', 'Delivery Status': 'Not Delivered'}
INFO:root:Coordinates for 'INDISH - The Art Of Mughlai Food, 39, First Floor, DDA Auto Complex, Zamrudpur, Greater Kailash 1 (GK 1), New Delhi, 110049': [77.23843, 28.54833]
INFO:root:Coordinates for 'PARAM'S SWEETS & SNACKS SHOP, N H NO-169, G/F , FRONT PORTION SHAHPUR JATT , SAHAPUR JAT , HAUZ KHAS, South , Delhi - 110049': [75.455805, 11.833119]
INFO:root:Coordinates for 'Sharma Ji Ke Mashoor Chole Bhature, Outside 211a , masjid modh, leela ram market, MASJID MOTH, HAUZ KHAS, South , Delhi - 110049': [77.163665, 28.557163]
INFO:root:Requesting route for waypoints: 77.23843,28.54833|75.455805,11.833119|77.163665,28.557163
ERROR:root:Routing API error: {'statusCode': 400, 'error': 'Bad Request', 'message': 'Locations are in unconnected regions. Please check waypoint coordinate order (lat/lon).'}
INFO:root:Deliveries in Post Office Andrews Ganj on 2024-10-12:
INFO:root:{'_id': ObjectId('66d1f86ffd44e36c2ebf3b26'), 'Booking ID': 'YKK5UMLM', 'Sender Name': 'Kaira Sengupta', 'Sender Gmail ID': 'kairasengupta214@gmail.com', 'Receiver Name': 'Trisha Deo', 'Receiver Gmail ID': 'trishadeo248@gmail.com', 'Receiver Address': 'INDISH - The Art Of Mughlai Food, 39, First Floor, DDA Auto Complex, Zamrudpur, Greater Kailash 1 (GK 1), New Delhi, 110049', 'Receiver Post Office': 'Andrews Ganj', 'Zipcode': '110049', 'Receiver Phone Number': '3012533847', 'Order Date': '2024-08-28', 'Date of Delivery': '2024-10-12', 'Time Slot of Delivery': '11:08 AM - 11:38 AM', 'Equipment Getting Delivered': 'Letters', 'Delivery Status': 'Not Delivered'}
INFO:root:{'_id': ObjectId('66d1f86ffd44e36c2ebf3b31'), 'Booking ID': 'OJD7OWXN', 'Sender Name': 'Raghav Uppal', 'Sender Gmail ID': 'raghavuppal345@gmail.com', 'Receiver Name': 'Sahil Khurana', 'Receiver Gmail ID': 'sahilkhurana918@gmail.com', 'Receiver Address': "PARAM'S SWEETS & SNACKS SHOP, N H NO-169, G/F , FRONT PORTION SHAHPUR JATT , SAHAPUR JAT , HAUZ KHAS, South , Delhi - 110049", 'Receiver Post Office': 'Andrews Ganj', 'Zipcode': '110049', 'Receiver Phone Number': '5742395136', 'Order Date': '2024-08-28', 'Date of Delivery': '2024-10-12', 'Time Slot of Delivery': '02:08 PM - 02:38 PM', 'Equipment Getting Delivered': 'Clothing', 'Delivery Status': 'Not Delivered'}
INFO:root:{'_id': ObjectId('66d1f86ffd44e36c2ebf3b71'), 'Booking ID': 'GAKHGW9D', 'Sender Name': 'Ivan Sanghvi', 'Sender Gmail ID': 'ivansanghvi660@gmail.com', 'Receiver Name': 'Lakshay Jayaraman', 'Receiver Gmail ID': 'lakshayjayaraman624@gmail.com', 'Receiver Address': 'Sharma Ji Ke Mashoor Chole Bhature, Outside 211a , masjid modh, leela ram market, MASJID MOTH, HAUZ KHAS, South , Delhi - 110049', 'Receiver Post Office': 'Andrews Ganj', 'Zipcode': '110049', 'Receiver Phone Number': '3504632452', 'Order Date': '2024-08-28', 'Date of Delivery': '2024-10-12', 'Time Slot of Delivery': '10:47 AM - 11:17 AM', 'Equipment Getting Delivered': 'Articles', 'Delivery Status': 'Not Delivered'}
INFO:root:Coordinates for 'INDISH - The Art Of Mughlai Food, 39, First Floor, DDA Auto Complex, Zamrudpur, Greater Kailash 1 (GK 1), New Delhi, 110049': [77.23843, 28.54833]
INFO:root:Coordinates for 'PARAM'S SWEETS & SNACKS SHOP, N H NO-169, G/F , FRONT PORTION SHAHPUR JATT , SAHAPUR JAT , HAUZ KHAS, South , Delhi - 110049': [75.455805, 11.833119]
INFO:root:Coordinates for 'Sharma Ji Ke Mashoor Chole Bhature, Outside 211a , masjid modh, leela ram market, MASJID MOTH, HAUZ KHAS, South , Delhi - 110049': [77.163665, 28.557163]
INFO:root:Requesting route for waypoints: 77.23843,28.54833|75.455805,11.833119|77.163665,28.557163
ERROR:root:Routing API error: Bad Request
ERROR:root:Response content: <Response [200]>
